\BOOKMARK [0][-]{section*.1}{\376\377\000A\000b\000s\000t\000r\000a\000c\000t}{}% 1
\BOOKMARK [0][-]{chapter*.4}{\376\377\000L\000i\000s\000t\000\040\000o\000f\000\040\000F\000i\000g\000u\000r\000e\000s}{}% 2
\BOOKMARK [0][-]{chapter*.5}{\376\377\000L\000i\000s\000t\000\040\000o\000f\000\040\000T\000a\000b\000l\000e\000s}{}% 3
\BOOKMARK [0][-]{chapter.1}{\376\377\000I\000n\000t\000r\000o\000d\000u\000c\000t\000i\000o\000n}{}% 4
\BOOKMARK [1][-]{section.1.1}{\376\377\000P\000r\000o\000b\000l\000e\000m\000\040\000B\000a\000c\000k\000g\000r\000o\000u\000n\000d}{chapter.1}% 5
\BOOKMARK [2][-]{subsection.1.1.1}{\376\377\000S\000u\000b\000s\000e\000c\000t\000i\000o\000n\000\040\000T\000i\000t\000l\000e\000\040\000H\000e\000r\000e}{section.1.1}% 6
\BOOKMARK [1][-]{section.1.2}{\376\377\000R\000e\000s\000e\000a\000r\000c\000h\000\040\000O\000b\000j\000e\000c\000t\000i\000v\000e\000s}{chapter.1}% 7
\BOOKMARK [1][-]{section.1.3}{\376\377\000D\000o\000c\000u\000m\000e\000n\000t\000\040\000O\000v\000e\000r\000v\000i\000e\000w}{chapter.1}% 8
\BOOKMARK [0][-]{chapter.2}{\376\377\000B\000a\000c\000k\000g\000r\000o\000u\000n\000d\000\040\000a\000n\000d\000\040\000L\000i\000t\000e\000r\000a\000t\000u\000r\000e\000\040\000R\000e\000v\000i\000e\000w}{}% 9
\BOOKMARK [1][-]{section.2.1}{\376\377\000F\000i\000r\000s\000t\000\040\000S\000e\000c\000t\000i\000o\000n\000\040\000T\000i\000t\000l\000e\000\040\000H\000e\000r\000e}{chapter.2}% 10
\BOOKMARK [2][-]{subsection.2.1.1}{\376\377\000O\000p\000t\000i\000o\000n\000a\000l\000\040\000T\000O\000C\000\040\000S\000u\000b\000s\000e\000c\000t\000i\000o\000n\000\040\000T\000i\000t\000l\000e\000\040\000H\000e\000r\000e}{section.2.1}% 11
\BOOKMARK [0][-]{chapter.3}{\376\377\000M\000e\000t\000h\000o\000d\000o\000l\000o\000g\000y}{}% 12
\BOOKMARK [1][-]{section.3.1}{\376\377\000P\000r\000e\000a\000m\000b\000l\000e}{chapter.3}% 13
\BOOKMARK [1][-]{section.3.2}{\376\377\000C\000a\000l\000i\000b\000r\000a\000t\000i\000o\000n}{chapter.3}% 14
\BOOKMARK [1][-]{section.3.3}{\376\377\000T\000a\000r\000g\000e\000t\000\040\000S\000e\000l\000e\000c\000t\000i\000o\000n}{chapter.3}% 15
\BOOKMARK [2][-]{subsection.3.3.1}{\376\377\000P\000r\000o\000l\000a\000t\000e\000\040\000S\000p\000h\000e\000r\000o\000i\000d}{section.3.3}% 16
\BOOKMARK [2][-]{subsection.3.3.2}{\376\377\000O\000b\000l\000a\000t\000e\000\040\000S\000p\000h\000e\000r\000o\000i\000d}{section.3.3}% 17
\BOOKMARK [2][-]{subsection.3.3.3}{\376\377\000M\000i\000s\000s\000i\000l\000e}{section.3.3}% 18
\BOOKMARK [0][-]{chapter.4}{\376\377\000R\000e\000s\000u\000l\000t\000s\000\040\000a\000n\000d\000\040\000A\000n\000a\000l\000y\000s\000i\000s}{}% 19
\BOOKMARK [1][-]{section.4.1}{\376\377\000P\000r\000e\000a\000m\000b\000l\000e}{chapter.4}% 20
\BOOKMARK [1][-]{section.4.2}{\376\377\000S\000e\000c\000t\000i\000o\000n\000\040\000T\000i\000t\000l\000e}{chapter.4}% 21
\BOOKMARK [0][-]{chapter.5}{\376\377\000C\000o\000n\000c\000l\000u\000s\000i\000o\000n\000s}{}% 22
\BOOKMARK [1][-]{section.5.1}{\376\377\000F\000u\000t\000u\000r\000e\000\040\000W\000o\000r\000k}{chapter.5}% 23
\BOOKMARK [0][-]{chapter.A1}{\376\377\000A\000d\000d\000i\000t\000i\000o\000n\000a\000l\000\040\000R\000e\000s\000u\000l\000t\000s}{}% 24
\BOOKMARK [0][-]{chapter.A2}{\376\377\000S\000e\000c\000o\000n\000d\000\040\000A\000p\000p\000e\000n\000d\000i\000x\000\040\000T\000i\000t\000l\000e}{}% 25
\BOOKMARK [0][-]{chapter*.19}{\376\377\000B\000i\000b\000l\000i\000o\000g\000r\000a\000p\000h\000y}{}% 26
\BOOKMARK [0][-]{section*.21}{\376\377\000A\000c\000r\000o\000n\000y\000m\000s}{}% 27
